<?xml version="1.0" encoding="utf-8"?><testsuites name="pytest tests"><testsuite name="pytest" errors="0" failures="0" skipped="0" tests="10" time="2.479" timestamp="2026-05-04T18:32:49.814409+00:00" hostname="agent-env-23f54901-68ee-4ea2-9ab3-d45cb5aad688"><testcase classname="backend.tests.test_phase_fg_iter18" name="test_admin_media_list" time="0.648" /><testcase classname="backend.tests.test_phase_fg_iter18" name="test_admin_media_traversal_protection" time="0.138" /><testcase classname="backend.tests.test_phase_fg_iter18" name="test_admin_media_anonymous_blocked" time="0.154" /><testcase classname="backend.tests.test_phase_fg_iter18" name="test_admin_nav_get_and_put" time="0.588" /><testcase classname="backend.tests.test_phase_fg_iter18" name="test_admin_nav_anonymous_blocked" time="0.139" /><testcase classname="backend.tests.test_phase_fg_iter18" name="test_public_nav_anon" time="0.121" /><testcase classname="backend.tests.test_phase_fg_iter18" name="test_sitemap_xml" time="0.154" /><testcase classname="backend.tests.test_phase_fg_iter18" name="test_robots_txt" time="0.248" /><testcase classname="backend.tests.test_phase_fg_iter18" name="test_seo_meta_for_about_page" time="0.143" /><testcase classname="backend.tests.test_phase_fg_iter18" name="test_seo_meta_404_unknown_slug" time="0.127" /></testsuite></testsuites>