<?xml version="1.0" encoding="utf-8"?><testsuites name="pytest tests"><testsuite name="pytest" errors="0" failures="0" skipped="0" tests="42" time="14.358" timestamp="2026-05-04T19:00:23.804212+00:00" hostname="agent-env-23f54901-68ee-4ea2-9ab3-d45cb5aad688"><testcase classname="backend.tests.test_phase_penalty_iter19" name="test_lap_with_penalty_no_note_rejected" time="1.312" /><testcase classname="backend.tests.test_phase_penalty_iter19" name="test_lap_invalid_no_note_rejected" time="0.270" /><testcase classname="backend.tests.test_phase_penalty_iter19" name="test_lap_with_penalty_and_note_allowed" time="1.173" /><testcase classname="backend.tests.test_phase_penalty_iter19" name="test_lap_clean_no_note_required" time="0.477" /><testcase classname="backend.tests.test_phase_penalty_iter19" name="test_my_penalties_requires_auth" time="0.142" /><testcase classname="backend.tests.test_phase_penalty_iter19" name="test_my_penalties_returns_own" time="0.125" /><testcase classname="backend.tests.test_phase_penalty_iter19" name="test_admin_penalties_aggregated" time="0.165" /><testcase classname="backend.tests.test_phase_penalty_iter19" name="test_admin_penalties_kind_filter" time="0.128" /><testcase classname="backend.tests.test_phase_penalty_iter19" name="test_admin_penalties_anonymous_blocked" time="0.129" /><testcase classname="backend.tests.test_phase_penalty_iter19" name="test_match_forfeit_requires_note" time="0.276" /><testcase classname="backend.tests.test_phase_ef_iter17.TestStreams" name="test_public_live_streams_returns_list" time="0.142" /><testcase classname="backend.tests.test_phase_ef_iter17.TestStreams" name="test_admin_streams_refresh_requires_admin" time="0.125" /><testcase classname="backend.tests.test_phase_ef_iter17.TestStreams" name="test_admin_streams_refresh_no_creds" time="0.583" /><testcase classname="backend.tests.test_phase_ef_iter17.TestBrandingTwitch" name="test_branding_accepts_twitch_fields" time="0.449" /><testcase classname="backend.tests.test_phase_ef_iter17.TestPagesCMS" name="test_public_default_pages_seeded" time="0.688" /><testcase classname="backend.tests.test_phase_ef_iter17.TestPagesCMS" name="test_public_unknown_slug_404" time="0.128" /><testcase classname="backend.tests.test_phase_ef_iter17.TestPagesCMS" name="test_admin_list_pages_includes_defaults" time="0.123" /><testcase classname="backend.tests.test_phase_ef_iter17.TestPagesCMS" name="test_admin_create_patch_delete_custom_page" time="0.814" /><testcase classname="backend.tests.test_phase_ef_iter17.TestPagesCMS" name="test_admin_delete_default_page_blocked" time="0.129" /><testcase classname="backend.tests.test_phase_ef_iter17.TestPagesCMS" name="test_admin_patch_about_persists" time="0.417" /><testcase classname="backend.tests.test_phase_ef_iter17.TestEmailTemplates" name="test_list_default_templates" time="0.144" /><testcase classname="backend.tests.test_phase_ef_iter17.TestEmailTemplates" name="test_patch_template_persists" time="0.303" /><testcase classname="backend.tests.test_phase_ef_iter17.TestEmailTemplates" name="test_patch_unknown_template_404" time="0.148" /><testcase classname="backend.tests.test_phase_ef_iter17.TestDiscordCounter" name="test_bump_counter_persists_and_audit" time="0.710" /><testcase classname="backend.tests.test_phase_ef_iter17.TestDiscordCounter" name="test_counters_list_contains_user" time="0.305" /><testcase classname="backend.tests.test_phase_ef_iter17.TestDiscordCounter" name="test_discord_active_b_auto_awarded" time="1.365" /><testcase classname="backend.tests.test_phase_ef_iter17.TestDiscordCounter" name="test_bump_unknown_user_404" time="0.157" /><testcase classname="backend.tests.test_phase_ef_iter17.TestAutoHooks" name="test_dispute_hook_creates_neg_dispute" time="0.399" /><testcase classname="backend.tests.test_phase_ef_iter17.TestAutoHooks" name="test_forfeit_hook_no_show_incident" time="0.271" /><testcase classname="backend.tests.test_phase_ef_iter17.TestAutoHooks" name="test_late_checkin_hook_neg_afk" time="0.291" /><testcase classname="backend.tests.test_phase_ef_iter17.TestPrivacy" name="test_negative_awards_not_in_my_achievements" time="0.182" /><testcase classname="backend.tests.test_phase_ef_iter17.TestPrivacy" name="test_negative_awards_not_in_public_profile" time="0.146" /><testcase classname="backend.tests.test_phase_fg_iter18" name="test_admin_media_list" time="0.486" /><testcase classname="backend.tests.test_phase_fg_iter18" name="test_admin_media_traversal_protection" time="0.123" /><testcase classname="backend.tests.test_phase_fg_iter18" name="test_admin_media_anonymous_blocked" time="0.117" /><testcase classname="backend.tests.test_phase_fg_iter18" name="test_admin_nav_get_and_put" time="0.552" /><testcase classname="backend.tests.test_phase_fg_iter18" name="test_admin_nav_anonymous_blocked" time="0.139" /><testcase classname="backend.tests.test_phase_fg_iter18" name="test_public_nav_anon" time="0.129" /><testcase classname="backend.tests.test_phase_fg_iter18" name="test_sitemap_xml" time="0.152" /><testcase classname="backend.tests.test_phase_fg_iter18" name="test_robots_txt" time="0.130" /><testcase classname="backend.tests.test_phase_fg_iter18" name="test_seo_meta_for_about_page" time="0.124" /><testcase classname="backend.tests.test_phase_fg_iter18" name="test_seo_meta_404_unknown_slug" time="0.150" /></testsuite></testsuites>