<?xml version="1.0" encoding="utf-8"?><testsuites name="pytest tests"><testsuite name="pytest" errors="0" failures="0" skipped="0" tests="22" time="9.265" timestamp="2026-05-04T18:32:52.718873+00:00" hostname="agent-env-23f54901-68ee-4ea2-9ab3-d45cb5aad688"><testcase classname="backend.tests.test_phase_ef_iter17.TestStreams" name="test_public_live_streams_returns_list" time="0.143" /><testcase classname="backend.tests.test_phase_ef_iter17.TestStreams" name="test_admin_streams_refresh_requires_admin" time="0.136" /><testcase classname="backend.tests.test_phase_ef_iter17.TestStreams" name="test_admin_streams_refresh_no_creds" time="0.562" /><testcase classname="backend.tests.test_phase_ef_iter17.TestBrandingTwitch" name="test_branding_accepts_twitch_fields" time="1.506" /><testcase classname="backend.tests.test_phase_ef_iter17.TestPagesCMS" name="test_public_default_pages_seeded" time="0.603" /><testcase classname="backend.tests.test_phase_ef_iter17.TestPagesCMS" name="test_public_unknown_slug_404" time="0.133" /><testcase classname="backend.tests.test_phase_ef_iter17.TestPagesCMS" name="test_admin_list_pages_includes_defaults" time="0.130" /><testcase classname="backend.tests.test_phase_ef_iter17.TestPagesCMS" name="test_admin_create_patch_delete_custom_page" time="0.938" /><testcase classname="backend.tests.test_phase_ef_iter17.TestPagesCMS" name="test_admin_delete_default_page_blocked" time="0.143" /><testcase classname="backend.tests.test_phase_ef_iter17.TestPagesCMS" name="test_admin_patch_about_persists" time="0.432" /><testcase classname="backend.tests.test_phase_ef_iter17.TestEmailTemplates" name="test_list_default_templates" time="0.131" /><testcase classname="backend.tests.test_phase_ef_iter17.TestEmailTemplates" name="test_patch_template_persists" time="0.274" /><testcase classname="backend.tests.test_phase_ef_iter17.TestEmailTemplates" name="test_patch_unknown_template_404" time="0.165" /><testcase classname="backend.tests.test_phase_ef_iter17.TestDiscordCounter" name="test_bump_counter_persists_and_audit" time="0.726" /><testcase classname="backend.tests.test_phase_ef_iter17.TestDiscordCounter" name="test_counters_list_contains_user" time="0.287" /><testcase classname="backend.tests.test_phase_ef_iter17.TestDiscordCounter" name="test_discord_active_b_auto_awarded" time="1.368" /><testcase classname="backend.tests.test_phase_ef_iter17.TestDiscordCounter" name="test_bump_unknown_user_404" time="0.138" /><testcase classname="backend.tests.test_phase_ef_iter17.TestAutoHooks" name="test_dispute_hook_creates_neg_dispute" time="0.511" /><testcase classname="backend.tests.test_phase_ef_iter17.TestAutoHooks" name="test_forfeit_hook_no_show_incident" time="0.284" /><testcase classname="backend.tests.test_phase_ef_iter17.TestAutoHooks" name="test_late_checkin_hook_neg_afk" time="0.285" /><testcase classname="backend.tests.test_phase_ef_iter17.TestPrivacy" name="test_negative_awards_not_in_my_achievements" time="0.147" /><testcase classname="backend.tests.test_phase_ef_iter17.TestPrivacy" name="test_negative_awards_not_in_public_profile" time="0.196" /></testsuite></testsuites>