<?xml version="1.0" encoding="utf-8"?><testsuites name="pytest tests"><testsuite name="pytest" errors="0" failures="0" skipped="0" tests="12" time="4.764" timestamp="2026-05-04T17:46:33.791765+00:00" hostname="agent-env-23f54901-68ee-4ea2-9ab3-d45cb5aad688"><testcase classname="backend.tests.test_phase_c_iter16.TestCatalogExpansion" name="test_anon_groups_count_and_tier_total" time="0.239" /><testcase classname="backend.tests.test_phase_c_iter16.TestNegativeIncidents" name="test_incident_types" time="0.524" /><testcase classname="backend.tests.test_phase_c_iter16.TestNegativeIncidents" name="test_trigger_incident_invalid_type" time="0.273" /><testcase classname="backend.tests.test_phase_c_iter16.TestNegativeIncidents" name="test_trigger_rage_quit_and_privacy" time="1.090" /><testcase classname="backend.tests.test_phase_c_iter16.TestSeasonCompletion404" name="test_unknown_season" time="0.143" /><testcase classname="backend.tests.test_phase_c_iter16.TestProfileCompleteness" name="test_my_completeness_score" time="0.131" /><testcase classname="backend.tests.test_phase_c_iter16.TestProfileCompleteness" name="test_auto_award_profile_completeness_bronze" time="0.401" /><testcase classname="backend.tests.test_phase_c_iter16.TestMembershipApply" name="test_apply_creates_pending" time="0.285" /><testcase classname="backend.tests.test_phase_c_iter16.TestMembershipApply" name="test_double_submit_409" time="0.129" /><testcase classname="backend.tests.test_phase_c_iter16.TestMembershipApply" name="test_admin_lists_pending" time="0.116" /><testcase classname="backend.tests.test_phase_c_iter16.TestMembershipApply" name="test_admin_approve_creates_membership_and_mail" time="1.272" /><testcase classname="backend.tests.test_phase_c_iter16.TestPublicListEnrichment" name="test_public_list_has_completeness_and_top_achievement" time="0.118" /></testsuite></testsuites>