<?xml version="1.0" encoding="utf-8"?><testsuites name="pytest tests"><testsuite name="pytest" errors="0" failures="0" skipped="0" tests="11" time="4.811" timestamp="2026-05-04T11:22:11.560219+00:00" hostname="agent-env-abd0f9e5-eed5-45de-97b0-a7dff2ffe0e4"><testcase classname="backend.tests.test_phase5_badges.TestBadges" name="test_list_badges_22" time="0.194" /><testcase classname="backend.tests.test_phase5_badges.TestBadges" name="test_get_first_win_badge" time="0.109" /><testcase classname="backend.tests.test_phase5_badges.TestPublicProfile" name="test_get_pixelhawk_profile" time="0.109" /><testcase classname="backend.tests.test_phase5_badges.TestPublicProfile" name="test_get_nonexistent_user" time="0.115" /><testcase classname="backend.tests.test_phase5_badges.TestUpload" name="test_upload_requires_auth" time="0.120" /><testcase classname="backend.tests.test_phase5_badges.TestUpload" name="test_upload_png_and_serve" time="0.545" /><testcase classname="backend.tests.test_phase5_badges.TestUpload" name="test_upload_rejects_bad_mime" time="0.132" /><testcase classname="backend.tests.test_phase5_badges.TestSponsorsCRUD" name="test_create_patch_delete" time="0.760" /><testcase classname="backend.tests.test_phase5_badges.TestSponsorsCRUD" name="test_sponsor_create_requires_admin" time="0.108" /><testcase classname="backend.tests.test_phase5_badges.TestBadgeTriggers" name="test_first_tournament_badge_idempotent" time="1.402" /><testcase classname="backend.tests.test_phase5_badges.TestBadgeTriggers" name="test_first_lap_badge" time="1.198" /></testsuite></testsuites>