<?xml version="1.0" encoding="utf-8"?><testsuites name="pytest tests"><testsuite name="pytest" errors="0" failures="0" skipped="1" tests="45" time="10.067" timestamp="2026-05-04T14:04:21.737460+00:00" hostname="agent-env-23f54901-68ee-4ea2-9ab3-d45cb5aad688"><testcase classname="backend.tests.test_phase567.TestHomeState" name="test_home_state_anon_structure" time="0.578" /><testcase classname="backend.tests.test_phase567.TestHomeState" name="test_home_state_hides_drafts" time="0.178" /><testcase classname="backend.tests.test_phase567.TestHomeState" name="test_home_state_live_tournament_shows" time="0.189" /><testcase classname="backend.tests.test_phase567.TestTournamentStatus" name="test_create_scheduled_is_actually_draft" time="0.326" /><testcase classname="backend.tests.test_phase567.TestTournamentStatus" name="test_set_status_to_scheduled" time="0.183" /><testcase classname="backend.tests.test_phase567.TestTournamentStatus" name="test_set_status_invalid" time="0.127" /><testcase classname="backend.tests.test_phase567.TestTournamentStatus" name="test_list_hides_drafts_for_anon" time="0.123" /><testcase classname="backend.tests.test_phase567.TestTournamentStatus" name="test_get_draft_anon_404" time="0.120" /><testcase classname="backend.tests.test_phase567.TestTournamentStatus" name="test_get_draft_admin_200" time="0.134" /><testcase classname="backend.tests.test_phase567.TestTournamentStatus" name="test_create_stream_fields_ignored" time="0.126" /><testcase classname="backend.tests.test_phase567.TestTournamentStatus" name="test_patch_stream_fields" time="0.197" /><testcase classname="backend.tests.test_phase567.TestTournamentStatus" name="test_patch_season_weight" time="0.198" /><testcase classname="backend.tests.test_phase567.TestBadgesAudience" name="test_list_anon_no_members_no_secret_no_negative" time="0.058" /><testcase classname="backend.tests.test_phase567.TestBadgesAudience" name="test_list_community" time="0.814" /><testcase classname="backend.tests.test_phase567.TestBadgesAudience" name="test_list_member_sees_members_only" time="0.863" /><testcase classname="backend.tests.test_phase567.TestBadgesAudience" name="test_get_members_only_anon_404" time="0.054" /><testcase classname="backend.tests.test_phase567.TestBadgesAudience" name="test_get_members_only_member_200" time="0.056" /><testcase classname="backend.tests.test_phase567.TestBadgesAudience" name="test_auto_award_offiziell_on_activate" time="0.052" /><testcase classname="backend.tests.test_phase567.TestBadgesAudience" name="test_user_badges_negative_hidden_for_viewer" time="0.057"><skipped type="pytest.skip" message="No admin badge-award endpoint (404)">/app/backend/tests/test_phase567.py:316: No admin badge-award endpoint (404)</skipped></testcase><testcase classname="backend.tests.test_phase567.TestSeasonV2Formula" name="test_major_rank1_32p_weight3_bonus25_eq_415" time="0.114" /><testcase classname="backend.tests.test_phase567.TestSeasonV2Formula" name="test_tournament_rank2_10p_eq_160" time="0.058" /><testcase classname="backend.tests.test_phase567.TestSeasonV2Formula" name="test_fastlap_farming_cap" time="0.301" /><testcase classname="backend.tests.test_phase567.TestSeasonV2Formula" name="test_fastlap_farming_exempt_always_full" time="0.178" /><testcase classname="backend.tests.test_phase567.TestSeasonV2Formula" name="test_major_never_farming_capped" time="0.365" /><testcase classname="backend.tests.test_phase567.TestSeasonV2Leaderboard" name="test_leaderboard_sorted_and_ranked" time="0.060" /><testcase classname="backend.tests.test_phase567.TestSeasonV2Leaderboard" name="test_leaderboard_only_members" time="0.050" /><testcase classname="backend.tests.test_phase567.TestSeasonV2Leaderboard" name="test_leaderboard_only_community" time="0.052" /><testcase classname="backend.tests.test_phase567.TestSeasonV2Leaderboard" name="test_leaderboard_teams" time="0.051" /><testcase classname="backend.tests.test_phase567.TestSeasonV2Leaderboard" name="test_v2_me" time="0.058" /><testcase classname="backend.tests.test_phase567.TestSeasonV2Leaderboard" name="test_v2_me_requires_auth" time="0.047" /><testcase classname="backend.tests.test_phase567.TestSeasonV2Leaderboard" name="test_v2_award_requires_admin" time="0.056" /><testcase classname="backend.tests.test_phase567.TestSeasonV2Leaderboard" name="test_v2_delete_missing_404" time="0.065" /><testcase classname="backend.tests.test_phase567.TestSeasonV2Leaderboard" name="test_v2_delete_success" time="0.125" /><testcase classname="backend.tests.test_phase567.TestParticipantFactor" name="test_factor_n[1-0.75]" time="0.064" /><testcase classname="backend.tests.test_phase567.TestParticipantFactor" name="test_factor_n[8-1.0]" time="0.058" /><testcase classname="backend.tests.test_phase567.TestParticipantFactor" name="test_factor_n[16-1.15]" time="0.061" /><testcase classname="backend.tests.test_phase567.TestParticipantFactor" name="test_factor_n[32-1.3]" time="0.059" /><testcase classname="backend.tests.test_phase567.TestParticipantFactor" name="test_factor_n[64-1.5]" time="0.056" /><testcase classname="backend.tests.test_phase567.TestPlacementPoints" name="test_rank_base[1-100]" time="0.059" /><testcase classname="backend.tests.test_phase567.TestPlacementPoints" name="test_rank_base[4-50]" time="0.061" /><testcase classname="backend.tests.test_phase567.TestPlacementPoints" name="test_rank_base[7-35]" time="0.057" /><testcase classname="backend.tests.test_phase567.TestPlacementPoints" name="test_rank_base[12-20]" time="0.066" /><testcase classname="backend.tests.test_phase567.TestPlacementPoints" name="test_rank_base[20-10]" time="0.061" /><testcase classname="backend.tests.test_phase567.TestPlacementPoints" name="test_rank_none_participation" time="0.058" /><testcase classname="backend.tests.test_phase567.TestResultsPublishedHook" name="test_results_published_creates_season_points" time="3.315" /></testsuite></testsuites>