<?xml version="1.0" encoding="utf-8"?><testsuites name="pytest tests"><testsuite name="pytest" errors="0" failures="0" skipped="0" tests="5" time="2.783" timestamp="2026-05-04T15:04:06.134086+00:00" hostname="agent-env-23f54901-68ee-4ea2-9ab3-d45cb5aad688"><testcase classname="backend.tests.test_phase_a_quickwins" name="test_gallery_list_endpoint" time="0.244" /><testcase classname="backend.tests.test_phase_a_quickwins" name="test_sponsor_tier_system" time="0.967" /><testcase classname="backend.tests.test_phase_a_quickwins" name="test_profile_multiselect_fields" time="0.433" /><testcase classname="backend.tests.test_phase_a_quickwins" name="test_public_profile_exposes_twitch_embed" time="0.614" /><testcase classname="backend.tests.test_phase_a_quickwins" name="test_image_migration_endpoint" time="0.501" /></testsuite></testsuites>