<?xml version="1.0" encoding="utf-8"?><testsuites name="pytest tests"><testsuite name="pytest" errors="0" failures="0" skipped="0" tests="8" time="2.109" timestamp="2026-05-04T09:55:52.561825+00:00" hostname="agent-env-abd0f9e5-eed5-45de-97b0-a7dff2ffe0e4"><testcase classname="backend.tests.test_phase3.TestSponsors" name="test_sponsors_seed_three" time="0.242" /><testcase classname="backend.tests.test_phase3.TestFeaturedSeason" name="test_featured_active_season" time="0.157" /><testcase classname="backend.tests.test_phase3.TestFeaturedSeason" name="test_featured_standings_shape" time="0.148" /><testcase classname="backend.tests.test_phase3.TestDiscordSettings" name="test_discord_get_requires_admin" time="0.102" /><testcase classname="backend.tests.test_phase3.TestDiscordSettings" name="test_discord_get_admin" time="0.383" /><testcase classname="backend.tests.test_phase3.TestDiscordSettings" name="test_discord_put_persists_and_audits" time="0.509" /><testcase classname="backend.tests.test_phase3.TestDiscordSettings" name="test_discord_test_disabled_when_no_webhook" time="0.408" /><testcase classname="backend.tests.test_phase3.TestDiscordSettings" name="test_discord_test_requires_admin" time="0.114" /></testsuite></testsuites>