<?xml version="1.0" encoding="utf-8"?><testsuites name="pytest tests"><testsuite name="pytest" errors="0" failures="0" skipped="0" tests="8" time="2.509" timestamp="2026-05-04T10:18:23.796495+00:00" hostname="agent-env-abd0f9e5-eed5-45de-97b0-a7dff2ffe0e4"><testcase classname="test_phase4_features.TestSeededEvents" name="test_tournaments_contain_real_events" time="0.183" /><testcase classname="test_phase4_features.TestSeededEvents" name="test_f1_challenges_contain_real_events" time="0.144" /><testcase classname="test_phase4_features.TestPublicSettings" name="test_public_settings_has_discord_twitch_defaults" time="0.137" /><testcase classname="test_phase4_features.TestTournamentCreateNewFields" name="test_create_tournament_with_prize_and_twitch" time="0.577" /><testcase classname="test_phase4_features.TestF1CreateNewFields" name="test_create_f1_with_prize_and_twitch" time="0.527" /><testcase classname="test_phase4_features.TestPDFExports" name="test_f1_leaderboard_pdf" time="0.212" /><testcase classname="test_phase4_features.TestPDFExports" name="test_f1_championship_pdf_for_any_challenge" time="0.168" /><testcase classname="test_phase4_features.TestDiscordTriggers" name="test_set_status_does_not_crash_when_webhook_not_configured" time="0.539" /></testsuite></testsuites>