<?xml version="1.0" encoding="utf-8"?><testsuites name="pytest tests"><testsuite name="pytest" errors="0" failures="1" skipped="0" tests="19" time="7.634" timestamp="2026-05-04T09:37:45.808686+00:00" hostname="agent-env-abd0f9e5-eed5-45de-97b0-a7dff2ffe0e4"><testcase classname="test_phase2_3.TestSettings" name="test_public_settings" time="0.238" /><testcase classname="test_phase2_3.TestSettings" name="test_email_settings_admin_only" time="0.557" /><testcase classname="test_phase2_3.TestSettings" name="test_branding_update_creates_audit" time="0.674" /><testcase classname="test_phase2_3.TestSeasons" name="test_create_list_delete_season" time="0.504" /><testcase classname="test_phase2_3.TestWidgets" name="test_tournament_bracket_widget_no_sensitive_fields" time="0.134" /><testcase classname="test_phase2_3.TestWidgets" name="test_f1_leaderboard_widget" time="0.137" /><testcase classname="test_phase2_3.TestDSGVO" name="test_export_my_data_shape" time="0.376" /><testcase classname="test_phase2_3.TestDSGVO" name="test_export_requires_auth" time="0.101" /><testcase classname="test_phase2_3.TestAudit" name="test_audit_admin_only" time="0.476" /><testcase classname="test_phase2_3.TestPDFExports" name="test_participants_pdf" time="0.391" /><testcase classname="test_phase2_3.TestPDFExports" name="test_checkin_pdf" time="0.388" /><testcase classname="test_phase2_3.TestPDFExports" name="test_matches_pdf" time="0.387" /><testcase classname="test_phase2_3.TestPDFExports" name="test_standings_pdf" time="0.413" /><testcase classname="test_phase2_3.TestPDFExports" name="test_f1_leaderboard_pdf" time="0.391" /><testcase classname="test_phase2_3.TestStations" name="test_list_stations_admin" time="0.388" /><testcase classname="test_phase2_3.TestStations" name="test_create_update_delete_station" time="0.384"><failure message="AssertionError: {&quot;detail&quot;:[{&quot;type&quot;:&quot;missing&quot;,&quot;loc&quot;:[&quot;body&quot;,&quot;device_type&quot;],&quot;msg&quot;:&quot;Field required&quot;,&quot;input&quot;:{&quot;name&quot;:&quot;TEST-Station-1777887471&quot;,&quot;kind&quot;:&quot;pc&quot;},&quot;url&quot;:&quot;https://errors.pydantic.dev/2.12/v/missing&quot;}]}&#10;assert 422 in (200, 201)&#10; +  where 422 = &lt;Response [422]&gt;.status_code">test_phase2_3.py:176: in test_create_update_delete_station
    assert r.status_code in (200, 201), r.text
E   AssertionError: {"detail":[{"type":"missing","loc":["body","device_type"],"msg":"Field required","input":{"name":"TEST-Station-1777887471","kind":"pc"},"url":"https://errors.pydantic.dev/2.12/v/missing"}]}
E   assert 422 in (200, 201)
E    +  where 422 = &lt;Response [422]&gt;.status_code</failure></testcase><testcase classname="test_phase2_3.TestF1TimePatch" name="test_patch_time_sets_invalid_and_proof" time="0.655" /><testcase classname="test_phase2_3.TestSwissGroups" name="test_swiss_next_round_rejects_non_swiss" time="0.484" /><testcase classname="test_phase2_3.TestSwissGroups" name="test_groups_generate_rejects_non_groups" time="0.478" /></testsuite></testsuites>