<?xml version="1.0" encoding="utf-8"?><testsuites name="pytest tests"><testsuite name="pytest" errors="0" failures="0" skipped="0" tests="19" time="6.876" timestamp="2026-05-04T16:29:28.585283+00:00" hostname="agent-env-23f54901-68ee-4ea2-9ab3-d45cb5aad688"><testcase classname="backend.tests.test_phase_b_v4_achievements.TestPublicCatalog" name="test_groups_anonymous_excludes_negative" time="0.212" /><testcase classname="backend.tests.test_phase_b_v4_achievements.TestPublicCatalog" name="test_groups_anonymous_count_matches_spec" time="0.164" /><testcase classname="backend.tests.test_phase_b_v4_achievements.TestPublicCatalog" name="test_user_achievements_anonymous_admin_profile" time="0.773" /><testcase classname="backend.tests.test_phase_b_v4_achievements.TestPublicCatalog" name="test_user_404_unknown" time="0.160" /><testcase classname="backend.tests.test_phase_b_v4_achievements.TestMyAchievements" name="test_me_returns_groups_and_awards" time="0.155" /><testcase classname="backend.tests.test_phase_b_v4_achievements.TestMyAchievements" name="test_evaluate_endpoint_self" time="0.128" /><testcase classname="backend.tests.test_phase_b_v4_achievements.TestAdminGroups" name="test_admin_groups_includes_negative" time="0.135" /><testcase classname="backend.tests.test_phase_b_v4_achievements.TestAdminGroups" name="test_admin_groups_unauthorized" time="0.117" /><testcase classname="backend.tests.test_phase_b_v4_achievements.TestAdminGroups" name="test_create_patch_delete_custom_group" time="0.639" /><testcase classname="backend.tests.test_phase_b_v4_achievements.TestAdminGroups" name="test_delete_system_group_blocked" time="0.115" /><testcase classname="backend.tests.test_phase_b_v4_achievements.TestAdminTiers" name="test_list_tiers_for_match_master" time="0.129" /><testcase classname="backend.tests.test_phase_b_v4_achievements.TestAdminTiers" name="test_create_patch_delete_tier" time="0.456" /><testcase classname="backend.tests.test_phase_b_v4_achievements.TestAdminAwardManual" name="test_award_revoke_flow" time="0.905" /><testcase classname="backend.tests.test_phase_b_v4_achievements.TestAdminAwardManual" name="test_award_unknown_user" time="0.124" /><testcase classname="backend.tests.test_phase_b_v4_achievements.TestAdminAwardManual" name="test_award_unknown_tier" time="0.127" /><testcase classname="backend.tests.test_phase_b_v4_achievements.TestNegativePrivacy" name="test_negative_award_hidden_from_public_profile" time="1.065" /><testcase classname="backend.tests.test_phase_b_v4_achievements.TestNegHolzmedailleRetestPrivacy" name="test_setup_award_then_full_privacy_then_cleanup" time="1.143" /><testcase classname="backend.tests.test_phase_b_v4_achievements.TestUserSearch" name="test_search_admin" time="0.170" /><testcase classname="backend.tests.test_phase_b_v4_achievements.TestOldBadgesRouteGone" name="test_old_badges_endpoint_404" time="0.134" /></testsuite></testsuites>