<?xml version="1.0" encoding="utf-8"?><testsuites name="pytest tests"><testsuite name="pytest" errors="0" failures="0" skipped="0" tests="36" time="4.788" timestamp="2026-05-04T13:26:39.333548+00:00" hostname="agent-env-23f54901-68ee-4ea2-9ab3-d45cb5aad688"><testcase classname="backend.tests.test_phase3_news_events_gallery.TestMeta" name="test_news_meta" time="0.253" /><testcase classname="backend.tests.test_phase3_news_events_gallery.TestMeta" name="test_events_meta" time="0.050" /><testcase classname="backend.tests.test_phase3_news_events_gallery.TestNews" name="test_admin_create_full" time="0.646" /><testcase classname="backend.tests.test_phase3_news_events_gallery.TestNews" name="test_public_list_only_published_public_pinned_first" time="0.061" /><testcase classname="backend.tests.test_phase3_news_events_gallery.TestNews" name="test_community_user_sees_public_and_community" time="0.391" /><testcase classname="backend.tests.test_phase3_news_events_gallery.TestNews" name="test_filter_by_category" time="0.051" /><testcase classname="backend.tests.test_phase3_news_events_gallery.TestNews" name="test_get_by_slug_resolves_links" time="0.158" /><testcase classname="backend.tests.test_phase3_news_events_gallery.TestNews" name="test_members_visibility_anon_403" time="0.062" /><testcase classname="backend.tests.test_phase3_news_events_gallery.TestNews" name="test_members_visibility_member_ok" time="0.562" /><testcase classname="backend.tests.test_phase3_news_events_gallery.TestNews" name="test_patch_news" time="0.101" /><testcase classname="backend.tests.test_phase3_news_events_gallery.TestNews" name="test_cu_cannot_create_news" time="0.049" /><testcase classname="backend.tests.test_phase3_news_events_gallery.TestNews" name="test_admin_news_includes_drafts" time="0.061" /><testcase classname="backend.tests.test_phase3_news_events_gallery.TestNews" name="test_anon_news_excludes_drafts" time="0.049" /><testcase classname="backend.tests.test_phase3_news_events_gallery.TestNews" name="test_delete_news" time="0.112" /><testcase classname="backend.tests.test_phase3_news_events_gallery.TestEvents" name="test_create_lan_party" time="0.392" /><testcase classname="backend.tests.test_phase3_news_events_gallery.TestEvents" name="test_list_events_anon_no_drafts" time="0.047" /><testcase classname="backend.tests.test_phase3_news_events_gallery.TestEvents" name="test_list_events_admin_includes_drafts" time="0.049" /><testcase classname="backend.tests.test_phase3_news_events_gallery.TestEvents" name="test_upcoming_filter" time="0.047" /><testcase classname="backend.tests.test_phase3_news_events_gallery.TestEvents" name="test_filter_by_event_type" time="0.058" /><testcase classname="backend.tests.test_phase3_news_events_gallery.TestEvents" name="test_get_by_slug_attaches_relations" time="0.058" /><testcase classname="backend.tests.test_phase3_news_events_gallery.TestEvents" name="test_draft_event_anon_404" time="0.046" /><testcase classname="backend.tests.test_phase3_news_events_gallery.TestEvents" name="test_draft_event_admin_200" time="0.054" /><testcase classname="backend.tests.test_phase3_news_events_gallery.TestEvents" name="test_members_event_anon_403" time="0.133" /><testcase classname="backend.tests.test_phase3_news_events_gallery.TestEvents" name="test_patch_event_status_location_program" time="0.068" /><testcase classname="backend.tests.test_phase3_news_events_gallery.TestEvents" name="test_delete_event" time="0.101" /><testcase classname="backend.tests.test_phase3_news_events_gallery.TestEvents" name="test_cu_cannot_create_event" time="0.049" /><testcase classname="backend.tests.test_phase3_news_events_gallery.TestGallery" name="test_create_album" time="0.276" /><testcase classname="backend.tests.test_phase3_news_events_gallery.TestGallery" name="test_public_album_list_with_photo_count" time="0.065" /><testcase classname="backend.tests.test_phase3_news_events_gallery.TestGallery" name="test_album_detail_with_photos_and_event" time="0.050" /><testcase classname="backend.tests.test_phase3_news_events_gallery.TestGallery" name="test_member_album_anon_403" time="0.048" /><testcase classname="backend.tests.test_phase3_news_events_gallery.TestGallery" name="test_patch_album_title" time="0.049" /><testcase classname="backend.tests.test_phase3_news_events_gallery.TestGallery" name="test_patch_photo_caption" time="0.051" /><testcase classname="backend.tests.test_phase3_news_events_gallery.TestGallery" name="test_delete_photo" time="0.101" /><testcase classname="backend.tests.test_phase3_news_events_gallery.TestGallery" name="test_admin_gallery_includes_unpublished" time="0.052" /><testcase classname="backend.tests.test_phase3_news_events_gallery.TestGallery" name="test_delete_album_cascades_photos" time="0.253" /><testcase classname="backend.tests.test_phase3_news_events_gallery.TestGallery" name="test_cu_cannot_create_album" time="0.055" /></testsuite></testsuites>