<?xml version="1.0" encoding="utf-8"?><testsuites name="pytest tests"><testsuite name="pytest" errors="0" failures="0" skipped="0" tests="7" time="3.073" timestamp="2026-05-04T14:39:52.889043+00:00" hostname="agent-env-23f54901-68ee-4ea2-9ab3-d45cb5aad688"><testcase classname="backend.tests.test_phase_8_9_10" name="test_smtp_settings_roundtrip" time="0.549" /><testcase classname="backend.tests.test_phase_8_9_10" name="test_mail_queue_endpoints" time="0.447" /><testcase classname="backend.tests.test_phase_8_9_10" name="test_setup_status" time="0.404" /><testcase classname="backend.tests.test_phase_8_9_10" name="test_setup_complete_idempotent" time="0.442" /><testcase classname="backend.tests.test_phase_8_9_10" name="test_sitemap" time="0.115" /><testcase classname="backend.tests.test_phase_8_9_10" name="test_prizes_crud" time="0.928" /><testcase classname="backend.tests.test_phase_8_9_10" name="test_prizes_unauthorized" time="0.157" /></testsuite></testsuites>