<?xml version="1.0" encoding="utf-8"?><testsuites name="pytest tests"><testsuite name="pytest" errors="0" failures="1" skipped="0" tests="18" time="5.887" timestamp="2026-05-04T16:22:43.060216+00:00" hostname="agent-env-23f54901-68ee-4ea2-9ab3-d45cb5aad688"><testcase classname="backend.tests.test_phase_b_v4_achievements.TestPublicCatalog" name="test_groups_anonymous_excludes_negative" time="0.167" /><testcase classname="backend.tests.test_phase_b_v4_achievements.TestPublicCatalog" name="test_groups_anonymous_count_matches_spec" time="0.152" /><testcase classname="backend.tests.test_phase_b_v4_achievements.TestPublicCatalog" name="test_user_achievements_anonymous_admin_profile" time="0.563" /><testcase classname="backend.tests.test_phase_b_v4_achievements.TestPublicCatalog" name="test_user_404_unknown" time="0.128" /><testcase classname="backend.tests.test_phase_b_v4_achievements.TestMyAchievements" name="test_me_returns_groups_and_awards" time="0.140" /><testcase classname="backend.tests.test_phase_b_v4_achievements.TestMyAchievements" name="test_evaluate_endpoint_self" time="0.119" /><testcase classname="backend.tests.test_phase_b_v4_achievements.TestAdminGroups" name="test_admin_groups_includes_negative" time="0.120" /><testcase classname="backend.tests.test_phase_b_v4_achievements.TestAdminGroups" name="test_admin_groups_unauthorized" time="0.109" /><testcase classname="backend.tests.test_phase_b_v4_achievements.TestAdminGroups" name="test_create_patch_delete_custom_group" time="1.080" /><testcase classname="backend.tests.test_phase_b_v4_achievements.TestAdminGroups" name="test_delete_system_group_blocked" time="0.110" /><testcase classname="backend.tests.test_phase_b_v4_achievements.TestAdminTiers" name="test_list_tiers_for_match_master" time="0.123" /><testcase classname="backend.tests.test_phase_b_v4_achievements.TestAdminTiers" name="test_create_patch_delete_tier" time="0.488" /><testcase classname="backend.tests.test_phase_b_v4_achievements.TestAdminAwardManual" name="test_award_revoke_flow" time="1.100" /><testcase classname="backend.tests.test_phase_b_v4_achievements.TestAdminAwardManual" name="test_award_unknown_user" time="0.179" /><testcase classname="backend.tests.test_phase_b_v4_achievements.TestAdminAwardManual" name="test_award_unknown_tier" time="0.122" /><testcase classname="backend.tests.test_phase_b_v4_achievements.TestNegativePrivacy" name="test_negative_award_hidden_from_public_profile" time="0.816"><failure message="AssertionError: negative leaked in /user/{id} for admin viewer: ['neg_afk', 'ehrenloewe_p', 'platform_diversity_b', 'membership_join']&#10;assert 'neg_afk' not in ['neg_afk', 'ehrenloewe_p', 'platform_diversity_b', 'membership_join']">backend/tests/test_phase_b_v4_achievements.py:249: in test_negative_award_hidden_from_public_profile
    assert negative_tier_code not in adm_codes, \
E   AssertionError: negative leaked in /user/{id} for admin viewer: ['neg_afk', 'ehrenloewe_p', 'platform_diversity_b', 'membership_join']
E   assert 'neg_afk' not in ['neg_afk', 'ehrenloewe_p', 'platform_diversity_b', 'membership_join']</failure></testcase><testcase classname="backend.tests.test_phase_b_v4_achievements.TestUserSearch" name="test_search_admin" time="0.142" /><testcase classname="backend.tests.test_phase_b_v4_achievements.TestOldBadgesRouteGone" name="test_old_badges_endpoint_404" time="0.152" /></testsuite></testsuites>