<?xml version="1.0" encoding="utf-8"?><testsuites name="pytest tests"><testsuite name="pytest" errors="0" failures="0" skipped="1" tests="28" time="3.052" timestamp="2026-05-04T13:04:22.792309+00:00" hostname="agent-env-23f54901-68ee-4ea2-9ab3-d45cb5aad688"><testcase classname="tests.test_phase_membership.TestAuth" name="test_register_response_shape" time="0.482" /><testcase classname="tests.test_phase_membership.TestAuth" name="test_admin_login_membership_attached" time="0.339" /><testcase classname="tests.test_phase_membership.TestAuth" name="test_me_includes_membership" time="0.108" /><testcase classname="tests.test_phase_membership.TestAuth" name="test_me_community_user" time="0.111" /><testcase classname="tests.test_phase_membership.TestMembershipMeta" name="test_meta_public" time="0.114" /><testcase classname="tests.test_phase_membership.TestMembershipMeta" name="test_membership_me_community" time="0.056" /><testcase classname="tests.test_phase_membership.TestMembershipMeta" name="test_membership_list_admin" time="0.057" /><testcase classname="tests.test_phase_membership.TestMembershipUpsert" name="test_promote_user_to_active" time="0.061" /><testcase classname="tests.test_phase_membership.TestMembershipUpsert" name="test_history_grows" time="0.053" /><testcase classname="tests.test_phase_membership.TestMembershipUpsert" name="test_email_log_activated" time="0.105" /><testcase classname="tests.test_phase_membership.TestMembershipUpsert" name="test_block_user_renders_template" time="0.065" /><testcase classname="tests.test_phase_membership.TestMembershipUpsert" name="test_demote_to_inactive" time="0.058" /><testcase classname="tests.test_phase_membership.TestMembershipUpsert" name="test_re_promote_keeps_member_number" time="0.061" /><testcase classname="tests.test_phase_membership.TestBenefits" name="test_community_no_benefits" time="0.049" /><testcase classname="tests.test_phase_membership.TestBenefits" name="test_admin_create_visible_to_member" time="0.111" /><testcase classname="tests.test_phase_membership.TestBenefits" name="test_patch_deactivate_hides" time="0.106" /><testcase classname="tests.test_phase_membership.TestBenefits" name="test_admin_all_includes_inactive" time="0.050" /><testcase classname="tests.test_phase_membership.TestBenefits" name="test_authz_community_cannot_create" time="0.050" /><testcase classname="tests.test_phase_membership.TestBenefits" name="test_authz_community_cannot_update_membership" time="0.103" /><testcase classname="tests.test_phase_membership.TestPublic" name="test_public_members_directory" time="0.109" /><testcase classname="tests.test_phase_membership.TestPublic" name="test_public_user_list" time="0.117" /><testcase classname="tests.test_phase_membership.TestPublic" name="test_public_profile_includes_membership" time="0.107" /><testcase classname="tests.test_phase_membership.TestUserUpdate" name="test_patch_extended_fields" time="0.054" /><testcase classname="tests.test_phase_membership.TestUserUpdate" name="test_patch_favorite_games_list" time="0.051" /><testcase classname="tests.test_phase_membership.TestUserSocials" name="test_list_socials" time="0.108" /><testcase classname="tests.test_phase_membership.TestUserSocials" name="test_patch_social_visibility" time="0.052" /><testcase classname="tests.test_phase_membership.TestUserSocials" name="test_duplicate_platform_conflict" time="0.104" /><testcase classname="tests.test_phase_membership.TestEmailLogs" name="test_email_logs_admin" time="0.143"><skipped type="pytest.skip" message="No email_logs admin endpoint exposed; cannot validate templates here">/app/backend/tests/test_phase_membership.py:445: No email_logs admin endpoint exposed; cannot validate templates here</skipped></testcase></testsuite></testsuites>