<?xml version="1.0" encoding="utf-8"?><testsuites name="pytest tests"><testsuite name="pytest" errors="0" failures="0" skipped="0" tests="29" time="4.828" timestamp="2026-05-04T13:40:48.998413+00:00" hostname="agent-env-23f54901-68ee-4ea2-9ab3-d45cb5aad688"><testcase classname="backend.tests.test_phase4_documents.TestDocumentsMeta" name="test_meta_categories_visibilities" time="0.210" /><testcase classname="backend.tests.test_phase4_documents.TestUploads" name="test_upload_txt_admin" time="0.468" /><testcase classname="backend.tests.test_phase4_documents.TestUploads" name="test_upload_pdf_admin" time="0.113" /><testcase classname="backend.tests.test_phase4_documents.TestUploads" name="test_upload_disallowed_exe" time="0.148" /><testcase classname="backend.tests.test_phase4_documents.TestUploads" name="test_upload_disallowed_sh" time="0.117" /><testcase classname="backend.tests.test_phase4_documents.TestUploads" name="test_upload_community_user_403" time="0.782" /><testcase classname="backend.tests.test_phase4_documents.TestDocumentsCRUDVisibility" name="test_create_basics" time="0.167" /><testcase classname="backend.tests.test_phase4_documents.TestDocumentsCRUDVisibility" name="test_anonymous_cannot_see_members_doc" time="0.050" /><testcase classname="backend.tests.test_phase4_documents.TestDocumentsCRUDVisibility" name="test_community_user_cannot_see_members_doc" time="0.060" /><testcase classname="backend.tests.test_phase4_documents.TestDocumentsCRUDVisibility" name="test_admin_sees_all_docs" time="0.118" /><testcase classname="backend.tests.test_phase4_documents.TestDocumentsCRUDVisibility" name="test_active_member_sees_members_doc" time="0.768" /><testcase classname="backend.tests.test_phase4_documents.TestDocumentsCRUDVisibility" name="test_active_member_does_not_see_internal_doc" time="0.051" /><testcase classname="backend.tests.test_phase4_documents.TestDocumentsCRUDVisibility" name="test_filter_by_category" time="0.055" /><testcase classname="backend.tests.test_phase4_documents.TestDocumentsCRUDVisibility" name="test_admin_listing" time="0.053" /><testcase classname="backend.tests.test_phase4_documents.TestDocumentsCRUDVisibility" name="test_patch_update" time="0.054" /><testcase classname="backend.tests.test_phase4_documents.TestDocumentsCRUDVisibility" name="test_patch_404" time="0.052" /><testcase classname="backend.tests.test_phase4_documents.TestDocumentsCRUDVisibility" name="test_delete_404" time="0.049" /><testcase classname="backend.tests.test_phase4_documents.TestDocumentsCRUDVisibility" name="test_delete_doc" time="0.157" /><testcase classname="backend.tests.test_phase4_documents.TestTrackDownload" name="test_member_track_download" time="0.315" /><testcase classname="backend.tests.test_phase4_documents.TestTrackDownload" name="test_anonymous_track_members_only_403" time="0.151" /><testcase classname="backend.tests.test_phase4_documents.TestTrackDownload" name="test_track_404" time="0.049" /><testcase classname="backend.tests.test_phase4_documents.TestAuthorisation" name="test_create_cu_403" time="0.049" /><testcase classname="backend.tests.test_phase4_documents.TestAuthorisation" name="test_patch_cu_403" time="0.057" /><testcase classname="backend.tests.test_phase4_documents.TestAuthorisation" name="test_delete_cu_403" time="0.049" /><testcase classname="backend.tests.test_phase4_documents.TestAuthorisation" name="test_admin_listing_cu_403" time="0.053" /><testcase classname="backend.tests.test_phase4_documents.TestMembersNewsVisibility" name="test_anon_does_not_see_members_news" time="0.101" /><testcase classname="backend.tests.test_phase4_documents.TestMembersNewsVisibility" name="test_active_member_sees_members_news" time="0.053" /><testcase classname="backend.tests.test_phase4_documents.TestMembershipMeHistory" name="test_member_me_has_history" time="0.053" /><testcase classname="backend.tests.test_phase4_documents.TestMemberAreaAggregate" name="test_member_can_load_all_member_data" time="0.356" /></testsuite></testsuites>