<?xml version="1.0" encoding="utf-8"?><testsuites name="pytest tests"><testsuite name="pytest" errors="0" failures="0" skipped="0" tests="9" time="2.645" timestamp="2026-05-04T15:56:08.645032+00:00" hostname="agent-env-23f54901-68ee-4ea2-9ab3-d45cb5aad688"><testcase classname="backend.tests.test_phase_d_v3.TestBadges" name="test_list_anon" time="0.226" /><testcase classname="backend.tests.test_phase_d_v3.TestBadges" name="test_list_admin_includes_members_only" time="0.538" /><testcase classname="backend.tests.test_phase_d_v3.TestBadges" name="test_progress_me" time="0.138" /><testcase classname="backend.tests.test_phase_d_v3.TestContact" name="test_topics" time="0.148" /><testcase classname="backend.tests.test_phase_d_v3.TestContact" name="test_submit_and_admin_inbox_flow" time="0.674" /><testcase classname="backend.tests.test_phase_d_v3.TestBoard" name="test_defaults_present" time="0.111" /><testcase classname="backend.tests.test_phase_d_v3.TestBoard" name="test_assignable_users" time="0.115" /><testcase classname="backend.tests.test_phase_d_v3.TestBoard" name="test_create_patch_delete_custom" time="0.394" /><testcase classname="backend.tests.test_phase_d_v3.TestBoard" name="test_delete_default_blocked" time="0.261" /></testsuite></testsuites>