<?xml version="1.0" encoding="utf-8"?><testsuites name="pytest tests"><testsuite name="pytest" errors="0" failures="1" skipped="0" tests="42" time="15.094" timestamp="2026-05-04T09:38:03.299850+00:00" hostname="agent-env-abd0f9e5-eed5-45de-97b0-a7dff2ffe0e4"><testcase classname="test_phase2_3.TestSettings" name="test_public_settings" time="0.105" /><testcase classname="test_phase2_3.TestSettings" name="test_email_settings_admin_only" time="0.504" /><testcase classname="test_phase2_3.TestSettings" name="test_branding_update_creates_audit" time="0.648" /><testcase classname="test_phase2_3.TestSeasons" name="test_create_list_delete_season" time="0.523" /><testcase classname="test_phase2_3.TestWidgets" name="test_tournament_bracket_widget_no_sensitive_fields" time="0.105" /><testcase classname="test_phase2_3.TestWidgets" name="test_f1_leaderboard_widget" time="0.163" /><testcase classname="test_phase2_3.TestDSGVO" name="test_export_my_data_shape" time="0.376" /><testcase classname="test_phase2_3.TestDSGVO" name="test_export_requires_auth" time="0.101" /><testcase classname="test_phase2_3.TestAudit" name="test_audit_admin_only" time="0.493" /><testcase classname="test_phase2_3.TestPDFExports" name="test_participants_pdf" time="0.386" /><testcase classname="test_phase2_3.TestPDFExports" name="test_checkin_pdf" time="0.388" /><testcase classname="test_phase2_3.TestPDFExports" name="test_matches_pdf" time="0.415" /><testcase classname="test_phase2_3.TestPDFExports" name="test_standings_pdf" time="0.402" /><testcase classname="test_phase2_3.TestPDFExports" name="test_f1_leaderboard_pdf" time="0.455" /><testcase classname="test_phase2_3.TestStations" name="test_list_stations_admin" time="0.378" /><testcase classname="test_phase2_3.TestStations" name="test_create_update_delete_station" time="0.466" /><testcase classname="test_phase2_3.TestF1TimePatch" name="test_patch_time_sets_invalid_and_proof" time="0.654" /><testcase classname="test_phase2_3.TestSwissGroups" name="test_swiss_next_round_rejects_non_swiss" time="0.536" /><testcase classname="test_phase2_3.TestSwissGroups" name="test_groups_generate_rejects_non_groups" time="0.490" /><testcase classname="test_tls_arena_api.TestAuth" name="test_register_login_me_logout" time="0.449" /><testcase classname="test_tls_arena_api.TestAuth" name="test_admin_login_returns_superadmin" time="0.326" /><testcase classname="test_tls_arena_api.TestAuth" name="test_demo_player_login" time="0.341" /><testcase classname="test_tls_arena_api.TestAuth" name="test_login_wrong_password" time="0.366" /><testcase classname="test_tls_arena_api.TestGames" name="test_list_games_returns_six" time="0.103" /><testcase classname="test_tls_arena_api.TestGames" name="test_create_game_unauthenticated_401" time="0.102" /><testcase classname="test_tls_arena_api.TestGames" name="test_create_game_player_403" time="0.373" /><testcase classname="test_tls_arena_api.TestGames" name="test_create_game_superadmin_201" time="0.411" /><testcase classname="test_tls_arena_api.TestTournaments" name="test_list_tournaments" time="0.101" /><testcase classname="test_tls_arena_api.TestTournaments" name="test_get_mario_kart_with_participants" time="0.106" /><testcase classname="test_tls_arena_api.TestTournaments" name="test_generate_bracket_single_elim_16" time="0.532" /><testcase classname="test_tls_arena_api.TestTournaments" name="test_register_and_checkin" time="0.479" /><testcase classname="test_tls_arena_api.TestF1" name="test_list_challenges" time="0.182" /><testcase classname="test_tls_arena_api.TestF1" name="test_leaderboard_auto_picks_track_sorted" time="0.112" /><testcase classname="test_tls_arena_api.TestF1" name="test_leaderboard_with_slug_404" time="0.108" /><testcase classname="test_tls_arena_api.TestF1" name="test_championship_standings" time="0.107" /><testcase classname="test_tls_arena_api.TestF1" name="test_export_csv" time="0.109" /><testcase classname="test_tls_arena_api.TestF1" name="test_admin_add_lap_time_resorts" time="0.652"><failure message="AssertionError: expected f923a4ef-606a-453b-97af-35e8ffcd404a as rank1, got abaeab92-1c09-49e6-9794-b5506695c0aa&#10;assert 'abaeab92-1c0...-b5506695c0aa' == 'f923a4ef-606...-35e8ffcd404a'&#10;  &#10;  - f923a4ef-606a-453b-97af-35e8ffcd404a&#10;  + abaeab92-1c09-49e6-9794-b5506695c0aa">test_tls_arena_api.py:246: in test_admin_add_lap_time_resorts
    assert rank1["user_id"] == user_id, f"expected {user_id} as rank1, got {rank1.get('user_id')}"
E   AssertionError: expected f923a4ef-606a-453b-97af-35e8ffcd404a as rank1, got abaeab92-1c09-49e6-9794-b5506695c0aa
E   assert 'abaeab92-1c0...-b5506695c0aa' == 'f923a4ef-606...-35e8ffcd404a'
E     
E     - f923a4ef-606a-453b-97af-35e8ffcd404a
E     + abaeab92-1c09-49e6-9794-b5506695c0aa</failure></testcase><testcase classname="test_tls_arena_api.TestAdmin" name="test_dashboard" time="0.438" /><testcase classname="test_tls_arena_api.TestAdmin" name="test_dashboard_player_403" time="0.387" /><testcase classname="test_tls_arena_api.TestUsers" name="test_patch_me_display_name" time="0.370" /><testcase classname="test_tls_arena_api.TestUsers" name="test_patch_other_user_forbidden" time="0.819" /><testcase classname="test_tls_arena_api.TestBruteForce" name="test_brute_force_lockout_eventual" time="0.445" /></testsuite></testsuites>