<?xml version="1.0" encoding="utf-8"?><testsuites name="pytest tests"><testsuite name="pytest" errors="0" failures="0" skipped="0" tests="23" time="7.662" timestamp="2026-05-04T08:58:18.031300+00:00" hostname="agent-env-abd0f9e5-eed5-45de-97b0-a7dff2ffe0e4"><testcase classname="test_tls_arena_api.TestAuth" name="test_register_login_me_logout" time="0.596" /><testcase classname="test_tls_arena_api.TestAuth" name="test_admin_login_returns_superadmin" time="0.330" /><testcase classname="test_tls_arena_api.TestAuth" name="test_demo_player_login" time="0.326" /><testcase classname="test_tls_arena_api.TestAuth" name="test_login_wrong_password" time="0.327" /><testcase classname="test_tls_arena_api.TestGames" name="test_list_games_returns_six" time="0.102" /><testcase classname="test_tls_arena_api.TestGames" name="test_create_game_unauthenticated_401" time="0.100" /><testcase classname="test_tls_arena_api.TestGames" name="test_create_game_player_403" time="0.373" /><testcase classname="test_tls_arena_api.TestGames" name="test_create_game_superadmin_201" time="0.412" /><testcase classname="test_tls_arena_api.TestTournaments" name="test_list_tournaments" time="0.106" /><testcase classname="test_tls_arena_api.TestTournaments" name="test_get_mario_kart_with_participants" time="0.105" /><testcase classname="test_tls_arena_api.TestTournaments" name="test_generate_bracket_single_elim_16" time="0.545" /><testcase classname="test_tls_arena_api.TestTournaments" name="test_register_and_checkin" time="0.468" /><testcase classname="test_tls_arena_api.TestF1" name="test_list_challenges" time="0.126" /><testcase classname="test_tls_arena_api.TestF1" name="test_leaderboard_auto_picks_track_sorted" time="0.110" /><testcase classname="test_tls_arena_api.TestF1" name="test_leaderboard_with_slug_404" time="0.111" /><testcase classname="test_tls_arena_api.TestF1" name="test_championship_standings" time="0.107" /><testcase classname="test_tls_arena_api.TestF1" name="test_export_csv" time="0.110" /><testcase classname="test_tls_arena_api.TestF1" name="test_admin_add_lap_time_resorts" time="0.664" /><testcase classname="test_tls_arena_api.TestAdmin" name="test_dashboard" time="0.400" /><testcase classname="test_tls_arena_api.TestAdmin" name="test_dashboard_player_403" time="0.374" /><testcase classname="test_tls_arena_api.TestUsers" name="test_patch_me_display_name" time="0.383" /><testcase classname="test_tls_arena_api.TestUsers" name="test_patch_other_user_forbidden" time="0.811" /><testcase classname="test_tls_arena_api.TestBruteForce" name="test_brute_force_lockout_eventual" time="0.605" /></testsuite></testsuites>